Arguments: 
  C:\Program Files\nodejs\node.exe C:\Users\DAD-TOYOSI\AppData\Roaming\npm\node_modules\yarn\bin\yarn.js add react-redux

PATH: 
  C:\Users\DAD-TOYOSI\bin;C:\Program Files\Git\mingw64\bin;C:\Program Files\Git\usr\local\bin;C:\Program Files\Git\usr\bin;C:\Program Files\Git\usr\bin;C:\Program Files\Git\mingw64\bin;C:\Program Files\Git\usr\bin;C:\Users\DAD-TOYOSI\bin;C:\Program Files\Common Files\Oracle\Java\javapath;C:\Python310\Scripts;C:\Python310;C:\Windows\system32;C:\Windows;C:\Windows\System32\Wbem;C:\Windows\System32\WindowsPowerShell\v1.0;C:\Windows\System32\OpenSSH;C:\xampp\php;C:\composer;C:\ProgramData\chocolatey\bin;C:\Program Files\Git\cmd;C:\Program Files\Java\jdk-18\bin;%NVM_HOME%;%NVM_SYMLINK%;C:\Program Files\Cloudflare\Cloudflare WARP;C:\Users\DAD-TOYOSI\AppData\Local\Microsoft\WindowsApps;C:\Users\DAD-TOYOSI\AppData\Local\Programs\Microsoft VS Code\bin;C:\Users\DAD-TOYOSI\AppData\Roaming\Composer\vendor\bin;C:\Users\DAD-TOYOSI\AppData\Local\GitHubDesktop\bin;C:\Program Files\Git\usr\bin;C:\Program Files\Git\cmd;C:\Users\DAD-TOYOSI\AppData\Roaming\npm;C:\Program Files\heroku\bin;C:\Program Files\Java\jdk-18\bin;C:\Users\DAD-TOYOSI\AppData\Roaming\nvm;C:\Program Files\nodejs;C:\Program Files\Git\usr\bin\vendor_perl;C:\Program Files\Git\usr\bin\core_perl

Yarn version: 
  1.22.18

Node version: 
  16.17.0

Platform: 
  win32 x64

Trace: 
  Error: EBUSY: resource busy or locked, copyfile 'C:\Users\DAD-TOYOSI\AppData\Local\Yarn\Cache\v6\npm-posix-character-classes-0.1.1-01eac0fe3b5af71a2a6c02feabb8c1fef7e00eab-integrity\node_modules\posix-character-classes\package.json' -> 'C:\Users\DAD-TOYOSI\Desktop\React Native\native-boiler-plate\node_modules\posix-character-classes\package.json'

npm manifest: 
  {
    "name": "spotify-clone",
    "version": "1.0.0",
    "main": "node_modules/expo/AppEntry.js",
    "scripts": {
      "start": "expo start",
      "android": "expo start --android",
      "ios": "expo start --ios",
      "web": "expo start --web"
    },
    "dependencies": {
      "@react-navigation/native": "^6.0.11",
      "@react-navigation/native-stack": "^6.7.0",
      "expo": "~46.0.6",
      "expo-status-bar": "~1.4.0",
      "react": "18.0.0",
      "react-native": "0.69.4",
      "react-native-safe-area-context": "4.3.1",
      "react-native-screens": "~3.15.0",
      "expo-font": "~10.2.0"
    },
    "devDependencies": {
      "@babel/core": "^7.12.9"
    },
    "private": true
  }

yarn manifest: 
  No manifest

Lockfile: 
  No lockfile
